INFO [2020-09-20 21:05:23] $x
INFO [2020-09-20 21:05:23] list(set1, set2, set3)
INFO [2020-09-20 21:05:23] 
INFO [2020-09-20 21:05:23] $category.names
INFO [2020-09-20 21:05:23] c("Set 1", "Set 2 ", "Set 3")
INFO [2020-09-20 21:05:23] 
INFO [2020-09-20 21:05:23] $filename
INFO [2020-09-20 21:05:23] [1] "#14_venn_diagramm.png"
INFO [2020-09-20 21:05:23] 
INFO [2020-09-20 21:05:23] $output
INFO [2020-09-20 21:05:23] [1] TRUE
INFO [2020-09-20 21:05:23] 
INFO [2020-09-20 21:05:23] $imagetype
INFO [2020-09-20 21:05:23] [1] "png"
INFO [2020-09-20 21:05:23] 
INFO [2020-09-20 21:05:23] $height
INFO [2020-09-20 21:05:23] [1] 480
INFO [2020-09-20 21:05:23] 
INFO [2020-09-20 21:05:23] $width
INFO [2020-09-20 21:05:23] [1] 480
INFO [2020-09-20 21:05:23] 
INFO [2020-09-20 21:05:23] $resolution
INFO [2020-09-20 21:05:23] [1] 300
INFO [2020-09-20 21:05:23] 
INFO [2020-09-20 21:05:23] $compression
INFO [2020-09-20 21:05:23] [1] "lzw"
INFO [2020-09-20 21:05:23] 
INFO [2020-09-20 21:05:23] $lwd
INFO [2020-09-20 21:05:23] [1] 2
INFO [2020-09-20 21:05:23] 
INFO [2020-09-20 21:05:23] $lty
INFO [2020-09-20 21:05:23] [1] "blank"
INFO [2020-09-20 21:05:23] 
INFO [2020-09-20 21:05:23] $fill
INFO [2020-09-20 21:05:23] myCol
INFO [2020-09-20 21:05:23] 
INFO [2020-09-20 21:05:23] $cex
INFO [2020-09-20 21:05:23] [1] 0.6
INFO [2020-09-20 21:05:23] 
INFO [2020-09-20 21:05:23] $fontface
INFO [2020-09-20 21:05:23] [1] "bold"
INFO [2020-09-20 21:05:23] 
INFO [2020-09-20 21:05:23] $fontfamily
INFO [2020-09-20 21:05:23] [1] "sans"
INFO [2020-09-20 21:05:23] 
INFO [2020-09-20 21:05:23] $cat.cex
INFO [2020-09-20 21:05:23] [1] 0.6
INFO [2020-09-20 21:05:23] 
INFO [2020-09-20 21:05:23] $cat.fontface
INFO [2020-09-20 21:05:23] [1] "bold"
INFO [2020-09-20 21:05:23] 
INFO [2020-09-20 21:05:23] $cat.default.pos
INFO [2020-09-20 21:05:23] [1] "outer"
INFO [2020-09-20 21:05:23] 
INFO [2020-09-20 21:05:23] $cat.pos
INFO [2020-09-20 21:05:23] c(-27, 27, 135)
INFO [2020-09-20 21:05:23] 
INFO [2020-09-20 21:05:23] $cat.dist
INFO [2020-09-20 21:05:23] c(0.055, 0.055, 0.085)
INFO [2020-09-20 21:05:23] 
INFO [2020-09-20 21:05:23] $cat.fontfamily
INFO [2020-09-20 21:05:23] [1] "sans"
INFO [2020-09-20 21:05:23] 
INFO [2020-09-20 21:05:23] $rotation
INFO [2020-09-20 21:05:23] [1] 1
INFO [2020-09-20 21:05:23] 
