INFO [2020-09-20 21:42:17] $x
INFO [2020-09-20 21:42:17] list(groc, drug, liq)
INFO [2020-09-20 21:42:17] 
INFO [2020-09-20 21:42:17] $category.names
INFO [2020-09-20 21:42:17] c("Set 1", "Set 2 ", "Set 3")
INFO [2020-09-20 21:42:17] 
INFO [2020-09-20 21:42:17] $filename
INFO [2020-09-20 21:42:17] [1] "#14_venn_diagramm.png"
INFO [2020-09-20 21:42:17] 
INFO [2020-09-20 21:42:17] $output
INFO [2020-09-20 21:42:17] [1] TRUE
INFO [2020-09-20 21:42:17] 
INFO [2020-09-20 21:42:17] $imagetype
INFO [2020-09-20 21:42:17] [1] "png"
INFO [2020-09-20 21:42:17] 
INFO [2020-09-20 21:42:17] $height
INFO [2020-09-20 21:42:17] [1] 480
INFO [2020-09-20 21:42:17] 
INFO [2020-09-20 21:42:17] $width
INFO [2020-09-20 21:42:17] [1] 480
INFO [2020-09-20 21:42:17] 
INFO [2020-09-20 21:42:17] $resolution
INFO [2020-09-20 21:42:17] [1] 300
INFO [2020-09-20 21:42:17] 
INFO [2020-09-20 21:42:17] $compression
INFO [2020-09-20 21:42:17] [1] "lzw"
INFO [2020-09-20 21:42:17] 
INFO [2020-09-20 21:42:17] $lwd
INFO [2020-09-20 21:42:17] [1] 2
INFO [2020-09-20 21:42:17] 
INFO [2020-09-20 21:42:17] $lty
INFO [2020-09-20 21:42:17] [1] "blank"
INFO [2020-09-20 21:42:17] 
INFO [2020-09-20 21:42:17] $fill
INFO [2020-09-20 21:42:17] myCol
INFO [2020-09-20 21:42:17] 
INFO [2020-09-20 21:42:17] $cex
INFO [2020-09-20 21:42:17] [1] 0.6
INFO [2020-09-20 21:42:17] 
INFO [2020-09-20 21:42:17] $fontface
INFO [2020-09-20 21:42:17] [1] "bold"
INFO [2020-09-20 21:42:17] 
INFO [2020-09-20 21:42:17] $fontfamily
INFO [2020-09-20 21:42:17] [1] "sans"
INFO [2020-09-20 21:42:17] 
INFO [2020-09-20 21:42:17] $cat.cex
INFO [2020-09-20 21:42:17] [1] 0.6
INFO [2020-09-20 21:42:17] 
INFO [2020-09-20 21:42:17] $cat.fontface
INFO [2020-09-20 21:42:17] [1] "bold"
INFO [2020-09-20 21:42:17] 
INFO [2020-09-20 21:42:17] $cat.default.pos
INFO [2020-09-20 21:42:17] [1] "outer"
INFO [2020-09-20 21:42:17] 
INFO [2020-09-20 21:42:17] $cat.pos
INFO [2020-09-20 21:42:17] c(-27, 27, 135)
INFO [2020-09-20 21:42:17] 
INFO [2020-09-20 21:42:17] $cat.dist
INFO [2020-09-20 21:42:17] c(0.055, 0.055, 0.085)
INFO [2020-09-20 21:42:17] 
INFO [2020-09-20 21:42:17] $cat.fontfamily
INFO [2020-09-20 21:42:17] [1] "sans"
INFO [2020-09-20 21:42:17] 
INFO [2020-09-20 21:42:17] $rotation
INFO [2020-09-20 21:42:17] [1] 1
INFO [2020-09-20 21:42:17] 
